<?xml version="1.0" encoding="UTF-8"?>
<testsuite name="src.tetris.RandomShapeTest" tests="1" skipped="0" failures="0" errors="0" timestamp="2021-07-22T02:33:28" hostname="GUARAGUARA" time="0.055">
  <properties/>
  <testcase name="randomNumberGenerator_SingleValue_ValuesInRange" classname="src.tetris.RandomShapeTest" time="0.055"/>
  <system-out><![CDATA[]]></system-out>
  <system-err><![CDATA[]]></system-err>
</testsuite>
